Using pre-set license
Built from '2020.3/staging' branch; Version is '2020.3.18f1 (a7d1c678663c) revision 10998214'; Using compiler version '192528614'; Build Type 'Release'
OS: 'Windows 10 Home; OS build 19043.1237; Version 2009; 64bit' Language: 'pl' Physical Memory: 16238 MB
BatchMode: 1, IsHumanControllingUs: 0, StartBugReporterOnCrash: 0, Is64bit: 1, IsPro: 0

COMMAND LINE ARGUMENTS:
C:\Program Files\Unity\Hub\Editor\2020.3.18f1\Editor\Unity.exe
-adb2
-batchMode
-noUpm
-name
AssetImportWorker0
-projectPath
D:/Programowanie/Unity/Projekty/Pirate ship
-logFile
Logs/AssetImportWorker0.log
-srvPort
54603
Successfully changed project path to: D:/Programowanie/Unity/Projekty/Pirate ship
D:/Programowanie/Unity/Projekty/Pirate ship
Using Asset Import Pipeline V2.
Refreshing native plugins compatible for Editor in 33.12 ms, found 2 plugins.
Preloading 0 native plugins for Editor in 0.00 ms.
Initialize engine version: 2020.3.18f1 (a7d1c678663c)
[Subsystems] Discovering subsystems at path C:/Program Files/Unity/Hub/Editor/2020.3.18f1/Editor/Data/Resources/UnitySubsystems
[Subsystems] Discovering subsystems at path D:/Programowanie/Unity/Projekty/Pirate ship/Assets
GfxDevice: creating device client; threaded=0
Direct3D:
    Version:  Direct3D 11.0 [level 11.1]
    Renderer: NVIDIA GeForce RTX 3060 (ID=0x2503)
    Vendor:   
    VRAM:     12143 MB
    Driver:   30.0.14.7196
Initialize mono
Mono path[0] = 'C:/Program Files/Unity/Hub/Editor/2020.3.18f1/Editor/Data/Managed'
Mono path[1] = 'C:/Program Files/Unity/Hub/Editor/2020.3.18f1/Editor/Data/MonoBleedingEdge/lib/mono/unityjit'
Mono config path = 'C:/Program Files/Unity/Hub/Editor/2020.3.18f1/Editor/Data/MonoBleedingEdge/etc'
Using monoOptions --debugger-agent=transport=dt_socket,embedding=1,server=y,suspend=n,address=127.0.0.1:56176
Begin MonoManager ReloadAssembly
Registering precompiled unity dll's ...
Register platform support module: C:/Program Files/Unity/Hub/Editor/2020.3.18f1/Editor/Data/PlaybackEngines/WebGLSupport/UnityEditor.WebGL.Extensions.dll
Register platform support module: C:/Program Files/Unity/Hub/Editor/2020.3.18f1/Editor/Data/PlaybackEngines/WindowsStandaloneSupport/UnityEditor.WindowsStandalone.Extensions.dll
Registered in 0.002099 seconds.
Native extension for WindowsStandalone target not found
Native extension for WebGL target not found
Refreshing native plugins compatible for Editor in 33.22 ms, found 2 plugins.
Preloading 0 native plugins for Editor in 0.00 ms.
Mono: successfully reloaded assembly
- Completed reload, in  0.958 seconds
Domain Reload Profiling:
	ReloadAssembly (958ms)
		BeginReloadAssembly (45ms)
			ExecutionOrderSort (0ms)
			DisableScriptedObjects (0ms)
			BackupInstance (0ms)
			ReleaseScriptingObjects (0ms)
			CreateAndSetChildDomain (1ms)
		EndReloadAssembly (341ms)
			LoadAssemblies (44ms)
			RebuildTransferFunctionScriptingTraits (0ms)
			SetupTypeCache (122ms)
			ReleaseScriptCaches (0ms)
			RebuildScriptCaches (24ms)
			SetupLoadedEditorAssemblies (137ms)
				LogAssemblyErrors (0ms)
				InitializePlatformSupportModulesInManaged (4ms)
				SetLoadedEditorAssemblies (0ms)
				RefreshPlugins (33ms)
				BeforeProcessingInitializeOnLoad (13ms)
				ProcessInitializeOnLoadAttributes (64ms)
				ProcessInitializeOnLoadMethodAttributes (23ms)
				AfterProcessingInitializeOnLoad (0ms)
				EditorAssembliesLoaded (0ms)
			ExecutionOrderSort2 (0ms)
			AwakeInstancesAfterBackupRestoration (0ms)
Platform modules already initialized, skipping
Registering precompiled user dll's ...
Registered in 0.001649 seconds.
Begin MonoManager ReloadAssembly
Native extension for WindowsStandalone target not found
Native extension for WebGL target not found
Refreshing native plugins compatible for Editor in 0.39 ms, found 2 plugins.
Preloading 0 native plugins for Editor in 0.00 ms.
Mono: successfully reloaded assembly
- Completed reload, in  0.825 seconds
Domain Reload Profiling:
	ReloadAssembly (826ms)
		BeginReloadAssembly (116ms)
			ExecutionOrderSort (0ms)
			DisableScriptedObjects (4ms)
			BackupInstance (0ms)
			ReleaseScriptingObjects (0ms)
			CreateAndSetChildDomain (15ms)
		EndReloadAssembly (660ms)
			LoadAssemblies (69ms)
			RebuildTransferFunctionScriptingTraits (0ms)
			SetupTypeCache (238ms)
			ReleaseScriptCaches (0ms)
			RebuildScriptCaches (36ms)
			SetupLoadedEditorAssemblies (242ms)
				LogAssemblyErrors (0ms)
				InitializePlatformSupportModulesInManaged (5ms)
				SetLoadedEditorAssemblies (0ms)
				RefreshPlugins (0ms)
				BeforeProcessingInitializeOnLoad (61ms)
				ProcessInitializeOnLoadAttributes (167ms)
				ProcessInitializeOnLoadMethodAttributes (3ms)
				AfterProcessingInitializeOnLoad (6ms)
				EditorAssembliesLoaded (0ms)
			ExecutionOrderSort2 (0ms)
			AwakeInstancesAfterBackupRestoration (5ms)
Platform modules already initialized, skipping
========================================================================
Worker process is ready to serve import requests
Launched and connected shader compiler UnityShaderCompiler.exe after 0.04 seconds
Refreshing native plugins compatible for Editor in 0.38 ms, found 2 plugins.
Preloading 0 native plugins for Editor in 0.00 ms.
Unloading 1531 Unused Serialized files (Serialized files now loaded: 0)
System memory in use before: 150.3 MB.
System memory in use after: 150.0 MB.

Unloading 17 unused Assets to reduce memory usage. Loaded Objects now: 1973.
Total: 2.387400 ms (FindLiveObjects: 0.146600 ms CreateObjectMapping: 0.046600 ms MarkObjects: 1.957300 ms  DeleteObjects: 0.236200 ms)

AssetImportParameters requested are different than current active one (requested -> active):
  custom:framework-win-MediaFoundation: 216162199b28c13a410421893ffa2e32 -> 
  custom:video-decoder-ogg-theora: a1e56fd34408186e4bbccfd4996cb3dc -> 
  custom:container-muxer-webm: aa71ff27fc2769a1b78a27578f13a17b -> 
  custom:container-demuxer-webm: 4f35f7cbe854078d1ac9338744f61a02 -> 
  custom:container-demuxer-ogg: 62fdf1f143b41e24485cea50d1cbac27 -> 
  custom:video-encoder-webm-vp8: eb34c28f22e8b96e1ab97ce403110664 -> 
  custom:video-decoder-webm-vp8: 9c59270c3fd7afecdb556c50c9e8de78 -> 
  custom:audio-decoder-ogg-vorbis: bf7c407c2cedff20999df2af8eb42d56 -> 
  custom:audio-encoder-webm-vorbis: bf7c407c2cedff20999df2af8eb42d56 -> 
========================================================================
Received Import Request.
  path: Assets/Watercraft pack/watercraftPack_001.mtl
  artifactKey: Guid(862eb41e0ff268f42812108f7a3020fc) Importer(815301076,1909f56bfc062723c751e8b465ee728b)
Start importing Assets/Watercraft pack/watercraftPack_001.mtl using Guid(862eb41e0ff268f42812108f7a3020fc) Importer(815301076,1909f56bfc062723c751e8b465ee728b)  -> (artifact id: 'a00935d6b85b746d350ab28d36af08b2') in 0.029668 seconds 
  Import took 0.032024 seconds .

========================================================================
Received Prepare
Refreshing native plugins compatible for Editor in 1.88 ms, found 2 plugins.
Preloading 0 native plugins for Editor in 0.00 ms.
Unloading 10 Unused Serialized files (Serialized files now loaded: 0)
System memory in use before: 118.3 MB.
System memory in use after: 118.1 MB.

Unloading 10 unused Assets to reduce memory usage. Loaded Objects now: 1973.
Total: 2.775700 ms (FindLiveObjects: 0.180700 ms CreateObjectMapping: 0.066200 ms MarkObjects: 2.311300 ms  DeleteObjects: 0.216800 ms)

AssetImportParameters requested are different than current active one (requested -> active):
  custom:framework-win-MediaFoundation: 216162199b28c13a410421893ffa2e32 -> 
  custom:video-decoder-ogg-theora: a1e56fd34408186e4bbccfd4996cb3dc -> 
  custom:container-muxer-webm: aa71ff27fc2769a1b78a27578f13a17b -> 
  custom:container-demuxer-webm: 4f35f7cbe854078d1ac9338744f61a02 -> 
  custom:container-demuxer-ogg: 62fdf1f143b41e24485cea50d1cbac27 -> 
  custom:video-encoder-webm-vp8: eb34c28f22e8b96e1ab97ce403110664 -> 
  custom:video-decoder-webm-vp8: 9c59270c3fd7afecdb556c50c9e8de78 -> 
  custom:audio-decoder-ogg-vorbis: bf7c407c2cedff20999df2af8eb42d56 -> 
  custom:audio-encoder-webm-vorbis: bf7c407c2cedff20999df2af8eb42d56 -> 
========================================================================
Received Import Request.
  Time since last request: 8.527021 seconds.
  path: Assets/Watercraft pack/watercraftPack_029.obj
  artifactKey: Guid(a95776b0d6551874d8c4f640a29095a7) Importer(815301076,1909f56bfc062723c751e8b465ee728b)
Start importing Assets/Watercraft pack/watercraftPack_029.obj using Guid(a95776b0d6551874d8c4f640a29095a7) Importer(815301076,1909f56bfc062723c751e8b465ee728b)  -> (artifact id: '1393c42e20e1be7566ea1a16e8e75857') in 0.132145 seconds 
  Import took 0.134385 seconds .

========================================================================
Received Import Request.
  Time since last request: 0.000131 seconds.
  path: Assets/Watercraft pack/watercraftPack_024.obj
  artifactKey: Guid(55f2c695041e3af48af89ae71942144e) Importer(815301076,1909f56bfc062723c751e8b465ee728b)
Start importing Assets/Watercraft pack/watercraftPack_024.obj using Guid(55f2c695041e3af48af89ae71942144e) Importer(815301076,1909f56bfc062723c751e8b465ee728b)  -> (artifact id: 'b5f442c35650522ca50620e3b21e6471') in 0.093328 seconds 
  Import took 0.095991 seconds .

========================================================================
Received Import Request.
  Time since last request: 0.000131 seconds.
  path: Assets/Watercraft pack/watercraftPack_007.obj
  artifactKey: Guid(2f7733808ac0796488b347a46b0da221) Importer(815301076,1909f56bfc062723c751e8b465ee728b)
Start importing Assets/Watercraft pack/watercraftPack_007.obj using Guid(2f7733808ac0796488b347a46b0da221) Importer(815301076,1909f56bfc062723c751e8b465ee728b)  -> (artifact id: 'd49aa1d0e307c205d76511d1f9fcadd0') in 0.140890 seconds 
  Import took 0.143302 seconds .

========================================================================
Received Import Request.
  Time since last request: 0.000138 seconds.
  path: Assets/Watercraft pack/watercraftPack_003.obj
  artifactKey: Guid(b145870054d5de24da06da86bcb3cba2) Importer(815301076,1909f56bfc062723c751e8b465ee728b)
Start importing Assets/Watercraft pack/watercraftPack_003.obj using Guid(b145870054d5de24da06da86bcb3cba2) Importer(815301076,1909f56bfc062723c751e8b465ee728b)  -> (artifact id: 'c86feb26d9dbbbbf2d627186b8af8ae9') in 0.145710 seconds 
  Import took 0.148247 seconds .

========================================================================
Received Import Request.
  Time since last request: 0.000133 seconds.
  path: Assets/Watercraft pack/watercraftPack_010.obj
  artifactKey: Guid(f4d5dbaf3011c3a4c9a22146f6f7cf50) Importer(815301076,1909f56bfc062723c751e8b465ee728b)
Start importing Assets/Watercraft pack/watercraftPack_010.obj using Guid(f4d5dbaf3011c3a4c9a22146f6f7cf50) Importer(815301076,1909f56bfc062723c751e8b465ee728b)  -> (artifact id: '05ec520af75105bd32e3eddd52715fc8') in 0.014677 seconds 
  Import took 0.017011 seconds .

========================================================================
Received Import Request.
  Time since last request: 0.000171 seconds.
  path: Assets/Watercraft pack/watercraftPack_026.obj
  artifactKey: Guid(77c3653dba59f7e4d98bb4eab3770deb) Importer(815301076,1909f56bfc062723c751e8b465ee728b)
Start importing Assets/Watercraft pack/watercraftPack_026.obj using Guid(77c3653dba59f7e4d98bb4eab3770deb) Importer(815301076,1909f56bfc062723c751e8b465ee728b)  -> (artifact id: '4c758f79c963872a83f98acc3392b65a') in 0.017778 seconds 
  Import took 0.020198 seconds .

========================================================================
Received Import Request.
  Time since last request: 0.000160 seconds.
  path: Assets/Watercraft pack/watercraftPack_017.obj
  artifactKey: Guid(a3772677522da2f4c91c92fab98c065f) Importer(815301076,1909f56bfc062723c751e8b465ee728b)
Start importing Assets/Watercraft pack/watercraftPack_017.obj using Guid(a3772677522da2f4c91c92fab98c065f) Importer(815301076,1909f56bfc062723c751e8b465ee728b)  -> (artifact id: '6f1ca4a53f0046f029cc0efd51ef6c15') in 0.016130 seconds 
  Import took 0.018673 seconds .

========================================================================
Received Import Request.
  Time since last request: 0.000144 seconds.
  path: Assets/Watercraft pack/watercraftPack_016.obj
  artifactKey: Guid(3c6ac44d185955f4197eab39c91760ca) Importer(815301076,1909f56bfc062723c751e8b465ee728b)
Start importing Assets/Watercraft pack/watercraftPack_016.obj using Guid(3c6ac44d185955f4197eab39c91760ca) Importer(815301076,1909f56bfc062723c751e8b465ee728b)  -> (artifact id: '3c2832e9838dadda22f2ddfe63db7a02') in 0.013990 seconds 
  Import took 0.016695 seconds .

========================================================================
Received Import Request.
  Time since last request: 0.000144 seconds.
  path: Assets/Watercraft pack/watercraftPack_001.obj
  artifactKey: Guid(1636030e71800264b88efcfced31859a) Importer(815301076,1909f56bfc062723c751e8b465ee728b)
Start importing Assets/Watercraft pack/watercraftPack_001.obj using Guid(1636030e71800264b88efcfced31859a) Importer(815301076,1909f56bfc062723c751e8b465ee728b)  -> (artifact id: '4bcd51c08be49d8be9002e934f5241b1') in 0.041245 seconds 
  Import took 0.043622 seconds .

========================================================================
Received Import Request.
  Time since last request: 0.000191 seconds.
  path: Assets/Watercraft pack/watercraftPack_002.obj
  artifactKey: Guid(8490ec2122fedff48b81a822a5377338) Importer(815301076,1909f56bfc062723c751e8b465ee728b)
Start importing Assets/Watercraft pack/watercraftPack_002.obj using Guid(8490ec2122fedff48b81a822a5377338) Importer(815301076,1909f56bfc062723c751e8b465ee728b)  -> (artifact id: '7058202f97059deaa024d95e83cf1b68') in 0.035416 seconds 
  Import took 0.037713 seconds .

========================================================================
Received Import Request.
  Time since last request: 0.000193 seconds.
  path: Assets/Watercraft pack/watercraftPack_025.obj
  artifactKey: Guid(73e03c5659d8e4e4db2789782792a6b6) Importer(815301076,1909f56bfc062723c751e8b465ee728b)
Start importing Assets/Watercraft pack/watercraftPack_025.obj using Guid(73e03c5659d8e4e4db2789782792a6b6) Importer(815301076,1909f56bfc062723c751e8b465ee728b)  -> (artifact id: '069703dbaea9133a1e72ba8a8ba8fe03') in 0.016768 seconds 
  Import took 0.019073 seconds .

========================================================================
Received Import Request.
  Time since last request: 0.000142 seconds.
  path: Assets/Watercraft pack/watercraftPack_019.obj
  artifactKey: Guid(f525c458e06e9994097585d256103309) Importer(815301076,1909f56bfc062723c751e8b465ee728b)
Start importing Assets/Watercraft pack/watercraftPack_019.obj using Guid(f525c458e06e9994097585d256103309) Importer(815301076,1909f56bfc062723c751e8b465ee728b)  -> (artifact id: '7355047b9e7e169cc7ce29f8adbf9d80') in 0.018325 seconds 
  Import took 0.020565 seconds .

========================================================================
Received Import Request.
  Time since last request: 0.000138 seconds.
  path: Assets/Watercraft pack/watercraftPack_004.obj
  artifactKey: Guid(dbf920cc4d5bc3e47a8cbb64e056eac0) Importer(815301076,1909f56bfc062723c751e8b465ee728b)
Start importing Assets/Watercraft pack/watercraftPack_004.obj using Guid(dbf920cc4d5bc3e47a8cbb64e056eac0) Importer(815301076,1909f56bfc062723c751e8b465ee728b)  -> (artifact id: 'c28de49e84335d18d350cce100afa614') in 0.014606 seconds 
  Import took 0.016946 seconds .

========================================================================
Received Import Request.
  Time since last request: 0.000138 seconds.
  path: Assets/Watercraft pack/watercraftPack_011.obj
  artifactKey: Guid(d59750b36396b8246a966b251c0f7c38) Importer(815301076,1909f56bfc062723c751e8b465ee728b)
Start importing Assets/Watercraft pack/watercraftPack_011.obj using Guid(d59750b36396b8246a966b251c0f7c38) Importer(815301076,1909f56bfc062723c751e8b465ee728b)  -> (artifact id: 'd1a43cfd16ec5260233b27750835fec4') in 0.038798 seconds 
  Import took 0.041045 seconds .

========================================================================
Received Import Request.
  Time since last request: 0.000128 seconds.
  path: Assets/Watercraft pack/watercraftPack_028.obj
  artifactKey: Guid(cf3f88aabe83ea34488ec9761d6b71b2) Importer(815301076,1909f56bfc062723c751e8b465ee728b)
Start importing Assets/Watercraft pack/watercraftPack_028.obj using Guid(cf3f88aabe83ea34488ec9761d6b71b2) Importer(815301076,1909f56bfc062723c751e8b465ee728b)  -> (artifact id: '70937947b9b0ad596fbd8631c49c50f4') in 0.014968 seconds 
  Import took 0.017158 seconds .

========================================================================
Received Import Request.
  Time since last request: 0.000136 seconds.
  path: Assets/Watercraft pack/watercraftPack_015.obj
  artifactKey: Guid(af6a7ddde61369b48b68dd7d8839c490) Importer(815301076,1909f56bfc062723c751e8b465ee728b)
Start importing Assets/Watercraft pack/watercraftPack_015.obj using Guid(af6a7ddde61369b48b68dd7d8839c490) Importer(815301076,1909f56bfc062723c751e8b465ee728b)  -> (artifact id: 'db4c518ada5033942efbbba9ac3f125f') in 0.015466 seconds 
  Import took 0.017734 seconds .

========================================================================
Received Import Request.
  Time since last request: 0.000137 seconds.
  path: Assets/Watercraft pack/watercraftPack_012.obj
  artifactKey: Guid(54280ef6ed24a934484de6e0f3f0f8b3) Importer(815301076,1909f56bfc062723c751e8b465ee728b)
Start importing Assets/Watercraft pack/watercraftPack_012.obj using Guid(54280ef6ed24a934484de6e0f3f0f8b3) Importer(815301076,1909f56bfc062723c751e8b465ee728b)  -> (artifact id: '26ef97f722f461eea1c056112bf0438e') in 0.039197 seconds 
  Import took 0.041498 seconds .

========================================================================
Received Import Request.
  Time since last request: 0.000169 seconds.
  path: Assets/Watercraft pack/watercraftPack_022.obj
  artifactKey: Guid(c02014fd53137ea42b5a6518b780950a) Importer(815301076,1909f56bfc062723c751e8b465ee728b)
Start importing Assets/Watercraft pack/watercraftPack_022.obj using Guid(c02014fd53137ea42b5a6518b780950a) Importer(815301076,1909f56bfc062723c751e8b465ee728b)  -> (artifact id: '4f758ca8d75aad100b19ef0c72892e20') in 0.016990 seconds 
  Import took 0.019497 seconds .

========================================================================
Received Import Request.
  Time since last request: 0.000152 seconds.
  path: Assets/Watercraft pack/watercraftPack_005.obj
  artifactKey: Guid(8ee2941e721e3214b91292627ec5a076) Importer(815301076,1909f56bfc062723c751e8b465ee728b)
Start importing Assets/Watercraft pack/watercraftPack_005.obj using Guid(8ee2941e721e3214b91292627ec5a076) Importer(815301076,1909f56bfc062723c751e8b465ee728b)  -> (artifact id: 'a1a6ccbc34c40c4040c9da359ebe2ac9') in 0.018884 seconds 
  Import took 0.021396 seconds .

========================================================================
Received Import Request.
  Time since last request: 0.000167 seconds.
  path: Assets/Watercraft pack/watercraftPack_018.obj
  artifactKey: Guid(8fa37132bc0ba1d42816fc7abde4e49d) Importer(815301076,1909f56bfc062723c751e8b465ee728b)
Start importing Assets/Watercraft pack/watercraftPack_018.obj using Guid(8fa37132bc0ba1d42816fc7abde4e49d) Importer(815301076,1909f56bfc062723c751e8b465ee728b)  -> (artifact id: 'df9c34cb3dc6f4586667f6f3f87a2fc9') in 0.019083 seconds 
  Import took 0.022213 seconds .

========================================================================
Received Import Request.
  Time since last request: 0.000134 seconds.
  path: Assets/Watercraft pack/watercraftPack_013.obj
  artifactKey: Guid(595a4a1a5e6fc484f8a47eaace1384d0) Importer(815301076,1909f56bfc062723c751e8b465ee728b)
Start importing Assets/Watercraft pack/watercraftPack_013.obj using Guid(595a4a1a5e6fc484f8a47eaace1384d0) Importer(815301076,1909f56bfc062723c751e8b465ee728b)  -> (artifact id: 'd70a2a56004a552cadd042ccc1b1e647') in 0.015111 seconds 
  Import took 0.017369 seconds .

========================================================================
Received Import Request.
  Time since last request: 0.000136 seconds.
  path: Assets/Watercraft pack/watercraftPack_027.obj
  artifactKey: Guid(17f82bd0a453126438cb1215b042165b) Importer(815301076,1909f56bfc062723c751e8b465ee728b)
Start importing Assets/Watercraft pack/watercraftPack_027.obj using Guid(17f82bd0a453126438cb1215b042165b) Importer(815301076,1909f56bfc062723c751e8b465ee728b)  -> (artifact id: '58d68fff9849bc3a55510107e7d6f730') in 0.014619 seconds 
  Import took 0.016852 seconds .

========================================================================
Received Import Request.
  Time since last request: 0.000147 seconds.
  path: Assets/Watercraft pack/watercraftPack_008.obj
  artifactKey: Guid(5be3b3ef119044c4280ac4febac079db) Importer(815301076,1909f56bfc062723c751e8b465ee728b)
Start importing Assets/Watercraft pack/watercraftPack_008.obj using Guid(5be3b3ef119044c4280ac4febac079db) Importer(815301076,1909f56bfc062723c751e8b465ee728b)  -> (artifact id: 'cda7e541d7f8a8b951b50abfc42869b2') in 0.014471 seconds 
  Import took 0.016747 seconds .

========================================================================
Received Import Request.
  Time since last request: 0.000120 seconds.
  path: Assets/Watercraft pack/watercraftPack_006.obj
  artifactKey: Guid(b2fbed95255c3714786776577fcb605b) Importer(815301076,1909f56bfc062723c751e8b465ee728b)
Start importing Assets/Watercraft pack/watercraftPack_006.obj using Guid(b2fbed95255c3714786776577fcb605b) Importer(815301076,1909f56bfc062723c751e8b465ee728b)  -> (artifact id: '624e7d4d4bcb708d22e042d69c7aeb42') in 0.038553 seconds 
  Import took 0.041031 seconds .

========================================================================
Received Import Request.
  Time since last request: 0.000158 seconds.
  path: Assets/Watercraft pack/watercraftPack_021.obj
  artifactKey: Guid(735360935ce4d494684d93a5846d93a7) Importer(815301076,1909f56bfc062723c751e8b465ee728b)
Start importing Assets/Watercraft pack/watercraftPack_021.obj using Guid(735360935ce4d494684d93a5846d93a7) Importer(815301076,1909f56bfc062723c751e8b465ee728b)  -> (artifact id: 'ee21bfb36157e1eb4db631d7745682ba') in 0.036011 seconds 
  Import took 0.038240 seconds .

========================================================================
Received Import Request.
  Time since last request: 0.000127 seconds.
  path: Assets/Watercraft pack/watercraftPack_009.obj
  artifactKey: Guid(54cdbb2077bce0c4f8fab46f47332b12) Importer(815301076,1909f56bfc062723c751e8b465ee728b)
Start importing Assets/Watercraft pack/watercraftPack_009.obj using Guid(54cdbb2077bce0c4f8fab46f47332b12) Importer(815301076,1909f56bfc062723c751e8b465ee728b)  -> (artifact id: '91ee04b2def605876283be1dd4c39f73') in 0.036699 seconds 
  Import took 0.038875 seconds .

========================================================================
Received Import Request.
  Time since last request: 0.000130 seconds.
  path: Assets/Watercraft pack/watercraftPack_014.obj
  artifactKey: Guid(41d7cc0ad7a881b49958217239050de7) Importer(815301076,1909f56bfc062723c751e8b465ee728b)
Start importing Assets/Watercraft pack/watercraftPack_014.obj using Guid(41d7cc0ad7a881b49958217239050de7) Importer(815301076,1909f56bfc062723c751e8b465ee728b)  -> (artifact id: '7ae52ef7b9bf96617f7eca0d0d61da2c') in 0.035667 seconds 
  Import took 0.037974 seconds .

========================================================================
Received Import Request.
  Time since last request: 0.000144 seconds.
  path: Assets/Watercraft pack/watercraftPack_020.obj
  artifactKey: Guid(dc61d39604bfd7c4290447ef4b147ce1) Importer(815301076,1909f56bfc062723c751e8b465ee728b)
Start importing Assets/Watercraft pack/watercraftPack_020.obj using Guid(dc61d39604bfd7c4290447ef4b147ce1) Importer(815301076,1909f56bfc062723c751e8b465ee728b)  -> (artifact id: '975714bb47ac02b6f459a407622f302c') in 0.038056 seconds 
  Import took 0.040340 seconds .

========================================================================
Received Import Request.
  Time since last request: 0.000138 seconds.
  path: Assets/Watercraft pack/watercraftPack_023.obj
  artifactKey: Guid(1493571cadc06fc418cd6c290af36b8b) Importer(815301076,1909f56bfc062723c751e8b465ee728b)
Start importing Assets/Watercraft pack/watercraftPack_023.obj using Guid(1493571cadc06fc418cd6c290af36b8b) Importer(815301076,1909f56bfc062723c751e8b465ee728b)  -> (artifact id: '4e14baf6e68b29b7eac592e7875c9367') in 0.014989 seconds 
  Import took 0.017149 seconds .

========================================================================
Received Import Request.
  Time since last request: 82.237416 seconds.
  path: Assets/Watercraft pack/Materials
  artifactKey: Guid(b4f4324248f3c4b4c8ba217b81697628) Importer(815301076,1909f56bfc062723c751e8b465ee728b)
Start importing Assets/Watercraft pack/Materials using Guid(b4f4324248f3c4b4c8ba217b81697628) Importer(815301076,1909f56bfc062723c751e8b465ee728b)  -> (artifact id: '72808b6301e32b0af964a6f1d2043b31') in 0.002573 seconds 
  Import took 0.005124 seconds .

========================================================================
Received Import Request.
  Time since last request: 0.024563 seconds.
  path: Assets/Watercraft pack/Materials/Blue_metal.mat
  artifactKey: Guid(7c57b874087a6c142ae35b221ed6e0c4) Importer(815301076,1909f56bfc062723c751e8b465ee728b)
Start importing Assets/Watercraft pack/Materials/Blue_metal.mat using Guid(7c57b874087a6c142ae35b221ed6e0c4) Importer(815301076,1909f56bfc062723c751e8b465ee728b)  -> (artifact id: 'ef83fe4d8035574822ff3c05ea920aca') in 0.019950 seconds 
  Import took 0.022191 seconds .

========================================================================
Received Import Request.
  Time since last request: 0.000197 seconds.
  path: Assets/Watercraft pack/Materials/Cloth.mat
  artifactKey: Guid(fca1d591cc7b6d341b2a3fea2bacba38) Importer(815301076,1909f56bfc062723c751e8b465ee728b)
Start importing Assets/Watercraft pack/Materials/Cloth.mat using Guid(fca1d591cc7b6d341b2a3fea2bacba38) Importer(815301076,1909f56bfc062723c751e8b465ee728b)  -> (artifact id: 'dd2a439d290ab9bef8c4b08d3993a271') in 0.020608 seconds 
  Import took 0.022853 seconds .

========================================================================
Received Import Request.
  Time since last request: 0.000164 seconds.
  path: Assets/Watercraft pack/Materials/Grey_metal_1.mat
  artifactKey: Guid(a488bb986cb71014ba10c128ee373708) Importer(815301076,1909f56bfc062723c751e8b465ee728b)
Start importing Assets/Watercraft pack/Materials/Grey_metal_1.mat using Guid(a488bb986cb71014ba10c128ee373708) Importer(815301076,1909f56bfc062723c751e8b465ee728b)  -> (artifact id: '6f064229d22b9da716c206db714a6826') in 0.010767 seconds 
  Import took 0.012891 seconds .

========================================================================
Received Import Request.
  Time since last request: 0.000159 seconds.
  path: Assets/Watercraft pack/Materials/Red_metal.mat
  artifactKey: Guid(0c2ac0d87f4509648a00ee123c58d83e) Importer(815301076,1909f56bfc062723c751e8b465ee728b)
Start importing Assets/Watercraft pack/Materials/Red_metal.mat using Guid(0c2ac0d87f4509648a00ee123c58d83e) Importer(815301076,1909f56bfc062723c751e8b465ee728b)  -> (artifact id: 'e611125f39e2b3be0cde2f317cf6bce8') in 0.010222 seconds 
  Import took 0.012478 seconds .

========================================================================
Received Import Request.
  Time since last request: 0.000134 seconds.
  path: Assets/Watercraft pack/Materials/Dark_metal.mat
  artifactKey: Guid(abc614e69151b8744b3d571d2909b1ad) Importer(815301076,1909f56bfc062723c751e8b465ee728b)
Start importing Assets/Watercraft pack/Materials/Dark_metal.mat using Guid(abc614e69151b8744b3d571d2909b1ad) Importer(815301076,1909f56bfc062723c751e8b465ee728b)  -> (artifact id: '2c7fe9e433efbc06c8e195a6c43c0250') in 0.017450 seconds 
  Import took 0.019601 seconds .

========================================================================
Received Import Request.
  Time since last request: 0.000159 seconds.
  path: Assets/Watercraft pack/Materials/Glass.mat
  artifactKey: Guid(a94a10508f00ef44ca3024e9ace3128b) Importer(815301076,1909f56bfc062723c751e8b465ee728b)
Start importing Assets/Watercraft pack/Materials/Glass.mat using Guid(a94a10508f00ef44ca3024e9ace3128b) Importer(815301076,1909f56bfc062723c751e8b465ee728b)  -> (artifact id: 'ee32bde3b10cba166e1239feb3acfa8a') in 0.021678 seconds 
  Import took 0.023786 seconds .

========================================================================
Received Import Request.
  Time since last request: 0.000222 seconds.
  path: Assets/Watercraft pack/Materials/Green_metal.mat
  artifactKey: Guid(fbd97d9881782ba4b84fbe6f6a1d5a70) Importer(815301076,1909f56bfc062723c751e8b465ee728b)
Start importing Assets/Watercraft pack/Materials/Green_metal.mat using Guid(fbd97d9881782ba4b84fbe6f6a1d5a70) Importer(815301076,1909f56bfc062723c751e8b465ee728b)  -> (artifact id: '793815104351b972eef92ffc451b9307') in 0.011589 seconds 
  Import took 0.013841 seconds .

========================================================================
Received Import Request.
  Time since last request: 0.000128 seconds.
  path: Assets/Watercraft pack/Materials/Wood.mat
  artifactKey: Guid(ffad6bf30698ff349bac0c02d81b70ec) Importer(815301076,1909f56bfc062723c751e8b465ee728b)
Start importing Assets/Watercraft pack/Materials/Wood.mat using Guid(ffad6bf30698ff349bac0c02d81b70ec) Importer(815301076,1909f56bfc062723c751e8b465ee728b)  -> (artifact id: '5c315046adacbed5df7103667a95b177') in 0.008687 seconds 
  Import took 0.010747 seconds .

========================================================================
Received Import Request.
  Time since last request: 0.000131 seconds.
  path: Assets/Watercraft pack/Materials/Grey_metal_3.mat
  artifactKey: Guid(219c3b8a62e716943b24c6b409e89f98) Importer(815301076,1909f56bfc062723c751e8b465ee728b)
Start importing Assets/Watercraft pack/Materials/Grey_metal_3.mat using Guid(219c3b8a62e716943b24c6b409e89f98) Importer(815301076,1909f56bfc062723c751e8b465ee728b)  -> (artifact id: '415bdf8696ab9450a16c87062882927d') in 0.012116 seconds 
  Import took 0.014756 seconds .

========================================================================
Received Import Request.
  Time since last request: 0.000130 seconds.
  path: Assets/Watercraft pack/Materials/Dark_blue_metal.mat
  artifactKey: Guid(25d6aa1d573f866449b7d01f20cf7776) Importer(815301076,1909f56bfc062723c751e8b465ee728b)
Start importing Assets/Watercraft pack/Materials/Dark_blue_metal.mat using Guid(25d6aa1d573f866449b7d01f20cf7776) Importer(815301076,1909f56bfc062723c751e8b465ee728b)  -> (artifact id: 'aadd10dcb38fc7efdd9006355de9a8b9') in 0.012053 seconds 
  Import took 0.018519 seconds .

========================================================================
Received Import Request.
  Time since last request: 0.000207 seconds.
  path: Assets/Watercraft pack/Materials/Yellow_metal.mat
  artifactKey: Guid(2b77d971ace4bca4990b6b5f10f01c8a) Importer(815301076,1909f56bfc062723c751e8b465ee728b)
Start importing Assets/Watercraft pack/Materials/Yellow_metal.mat using Guid(2b77d971ace4bca4990b6b5f10f01c8a) Importer(815301076,1909f56bfc062723c751e8b465ee728b)  -> (artifact id: '76f725199cc89318d6a08d9cf7b268bc') in 0.017121 seconds 
  Import took 0.020654 seconds .

========================================================================
Received Import Request.
  Time since last request: 0.000220 seconds.
  path: Assets/Watercraft pack/Materials/Grey_metal_3.mat
  artifactKey: Guid(219c3b8a62e716943b24c6b409e89f98) Importer(815301076,1909f56bfc062723c751e8b465ee728b)
Start importing Assets/Watercraft pack/Materials/Grey_metal_3.mat using Guid(219c3b8a62e716943b24c6b409e89f98) Importer(815301076,1909f56bfc062723c751e8b465ee728b)  -> (artifact id: '415bdf8696ab9450a16c87062882927d') in 0.009134 seconds 
  Import took 0.011845 seconds .

========================================================================
Received Import Request.
  Time since last request: 9.982634 seconds.
  path: Assets/Standard Assets/PhysicsMaterials/Bouncy.physicmaterial
  artifactKey: Guid(9f93f63d068b08c459038c40fce897d8) Importer(815301076,1909f56bfc062723c751e8b465ee728b)
Start importing Assets/Standard Assets/PhysicsMaterials/Bouncy.physicmaterial using Guid(9f93f63d068b08c459038c40fce897d8) Importer(815301076,1909f56bfc062723c751e8b465ee728b)  -> (artifact id: '1e07dac7eeb90c2b85db4c636021be61') in 0.004839 seconds 
  Import took 0.007278 seconds .

========================================================================
Received Import Request.
  Time since last request: 0.000129 seconds.
  path: Assets/Standard Assets/PhysicsMaterials/Ice.physicmaterial
  artifactKey: Guid(ba92fb44336020f40bdf294bb66bc9da) Importer(815301076,1909f56bfc062723c751e8b465ee728b)
Start importing Assets/Standard Assets/PhysicsMaterials/Ice.physicmaterial using Guid(ba92fb44336020f40bdf294bb66bc9da) Importer(815301076,1909f56bfc062723c751e8b465ee728b)  -> (artifact id: 'c5704ee759da82a3b18d79a7bf7ec4c1') in 0.003063 seconds 
  Import took 0.005209 seconds .

========================================================================
Received Import Request.
  Time since last request: 0.000132 seconds.
  path: Assets/Standard Assets/PhysicsMaterials/Rubber.physicmaterial
  artifactKey: Guid(52baaeb214519f347a35cf0edfd262ff) Importer(815301076,1909f56bfc062723c751e8b465ee728b)
Start importing Assets/Standard Assets/PhysicsMaterials/Rubber.physicmaterial using Guid(52baaeb214519f347a35cf0edfd262ff) Importer(815301076,1909f56bfc062723c751e8b465ee728b)  -> (artifact id: 'f7501e48520fda56fa95be1ce472ef1b') in 0.003062 seconds 
  Import took 0.005529 seconds .

========================================================================
Received Import Request.
  Time since last request: 0.000153 seconds.
  path: Assets/Standard Assets/PhysicsMaterials/Wood.physicmaterial
  artifactKey: Guid(3aeb7dadc0c69d54d9e5777e9d5631f1) Importer(815301076,1909f56bfc062723c751e8b465ee728b)
Start importing Assets/Standard Assets/PhysicsMaterials/Wood.physicmaterial using Guid(3aeb7dadc0c69d54d9e5777e9d5631f1) Importer(815301076,1909f56bfc062723c751e8b465ee728b)  -> (artifact id: '21f7c58829fdefed9c4f2fe7abce39cb') in 0.004469 seconds 
  Import took 0.006955 seconds .

========================================================================
Received Import Request.
  Time since last request: 0.000121 seconds.
  path: Assets/Standard Assets/PhysicsMaterials/ZeroFriction.physicMaterial
  artifactKey: Guid(c2815a7ab32e42c4bb42f59caacb8ec1) Importer(815301076,1909f56bfc062723c751e8b465ee728b)
Start importing Assets/Standard Assets/PhysicsMaterials/ZeroFriction.physicMaterial using Guid(c2815a7ab32e42c4bb42f59caacb8ec1) Importer(815301076,1909f56bfc062723c751e8b465ee728b)  -> (artifact id: 'dfe4c84a5153d5e5896b44c224dd6011') in 0.004186 seconds 
  Import took 0.006407 seconds .

========================================================================
Received Import Request.
  Time since last request: 0.000152 seconds.
  path: Assets/Standard Assets/PhysicsMaterials/MaxFriction.physicMaterial
  artifactKey: Guid(e52fb17f9b1e7fd48b8955f1391d3688) Importer(815301076,1909f56bfc062723c751e8b465ee728b)
Start importing Assets/Standard Assets/PhysicsMaterials/MaxFriction.physicMaterial using Guid(e52fb17f9b1e7fd48b8955f1391d3688) Importer(815301076,1909f56bfc062723c751e8b465ee728b)  -> (artifact id: '4e220d6d0c0c2b342814daf20f7242e3') in 0.003952 seconds 
  Import took 0.006287 seconds .

========================================================================
Received Import Request.
  Time since last request: 0.000156 seconds.
  path: Assets/Standard Assets/PhysicsMaterials/Metal.physicmaterial
  artifactKey: Guid(01571ba68fb2dad46aa03094ab219579) Importer(815301076,1909f56bfc062723c751e8b465ee728b)
Start importing Assets/Standard Assets/PhysicsMaterials/Metal.physicmaterial using Guid(01571ba68fb2dad46aa03094ab219579) Importer(815301076,1909f56bfc062723c751e8b465ee728b)  -> (artifact id: '761090554541bae1aad8ab42e9161b3a') in 0.003349 seconds 
  Import took 0.005762 seconds .

========================================================================
Received Import Request.
  Time since last request: 0.022470 seconds.
  path: Assets/Standard Assets/PhysicsMaterials/Metal.physicmaterial
  artifactKey: Guid(01571ba68fb2dad46aa03094ab219579) Importer(815301076,1909f56bfc062723c751e8b465ee728b)
Start importing Assets/Standard Assets/PhysicsMaterials/Metal.physicmaterial using Guid(01571ba68fb2dad46aa03094ab219579) Importer(815301076,1909f56bfc062723c751e8b465ee728b)  -> (artifact id: '761090554541bae1aad8ab42e9161b3a') in 0.002713 seconds 
  Import took 0.005257 seconds .

========================================================================
Received Import Request.
  Time since last request: 9.466864 seconds.
  path: Assets/Standard Assets/Prototyping/Models/BlockPrototype04x04x04.fbx
  artifactKey: Guid(622a87b3379022740be7e2efea3ebd33) Importer(815301076,1909f56bfc062723c751e8b465ee728b)
Start importing Assets/Standard Assets/Prototyping/Models/BlockPrototype04x04x04.fbx using Guid(622a87b3379022740be7e2efea3ebd33) Importer(815301076,1909f56bfc062723c751e8b465ee728b)  -> (artifact id: '8a7c9a95234cd9e44652bfdbc6ae7651') in 0.026823 seconds 
  Import took 0.029293 seconds .

========================================================================
Received Import Request.
  Time since last request: 0.000120 seconds.
  path: Assets/Standard Assets/Environment/SpeedTree/Broadleaf/Broadleaf_Desktop.spm
  artifactKey: Guid(c91c1eb85782d5748ace27eb4d7415bb) Importer(815301076,1909f56bfc062723c751e8b465ee728b)
Start importing Assets/Standard Assets/Environment/SpeedTree/Broadleaf/Broadleaf_Desktop.spm using Guid(c91c1eb85782d5748ace27eb4d7415bb) Importer(815301076,1909f56bfc062723c751e8b465ee728b)  -> (artifact id: 'a69c44ae6aef93e54df8bee6d67165ad') in 1.813367 seconds 
  Import took 1.816004 seconds .

========================================================================
Received Import Request.
  Time since last request: 0.000139 seconds.
  path: Assets/SampleScenes/Models/PrimaryJumpRamp.fbx
  artifactKey: Guid(e5a593bc7144a6c45b7a3d4543355ec4) Importer(815301076,1909f56bfc062723c751e8b465ee728b)
Start importing Assets/SampleScenes/Models/PrimaryJumpRamp.fbx using Guid(e5a593bc7144a6c45b7a3d4543355ec4) Importer(815301076,1909f56bfc062723c751e8b465ee728b)  -> (artifact id: '6490690acad25c99816614ee3a666177') in 0.048324 seconds 
  Import took 0.050559 seconds .

========================================================================
Received Import Request.
  Time since last request: 0.000214 seconds.
  path: Assets/Standard Assets/Prototyping/Models/PlatformPrototype08x01x08.fbx
  artifactKey: Guid(879dd62cbfd65314d812354e257fc5cc) Importer(815301076,1909f56bfc062723c751e8b465ee728b)
Start importing Assets/Standard Assets/Prototyping/Models/PlatformPrototype08x01x08.fbx using Guid(879dd62cbfd65314d812354e257fc5cc) Importer(815301076,1909f56bfc062723c751e8b465ee728b)  -> (artifact id: '2c650bde0772e24c515cb8c39db52d20') in 0.033049 seconds 
  Import took 0.035455 seconds .

========================================================================
Received Import Request.
  Time since last request: 0.000174 seconds.
  path: Assets/SampleScenes/Models/LaserBolt.fbx
  artifactKey: Guid(ee3f0b52fe10f194fb33c1423defa973) Importer(815301076,1909f56bfc062723c751e8b465ee728b)
Start importing Assets/SampleScenes/Models/LaserBolt.fbx using Guid(ee3f0b52fe10f194fb33c1423defa973) Importer(815301076,1909f56bfc062723c751e8b465ee728b)  -> (artifact id: 'fa52c7902eac583d8359580c5bb10a7f') in 0.027372 seconds 
  Import took 0.029604 seconds .

========================================================================
Received Import Request.
  Time since last request: 0.000214 seconds.
  path: Assets/Standard Assets/Vehicles/Car/Models/SkyCar.fbx
  artifactKey: Guid(e6fec471c20b9d148b1f87910e67bea4) Importer(815301076,1909f56bfc062723c751e8b465ee728b)
Start importing Assets/Standard Assets/Vehicles/Car/Models/SkyCar.fbx using Guid(e6fec471c20b9d148b1f87910e67bea4) Importer(815301076,1909f56bfc062723c751e8b465ee728b)  -> (artifact id: '278b3ba543d5c56609e8346ab8f3d4b9') in 0.149719 seconds 
  Import took 0.152006 seconds .

========================================================================
Received Import Request.
  Time since last request: 0.000126 seconds.
  path: Assets/SampleScenes/Models/Brick.fbx
  artifactKey: Guid(9ced0c52dc1504d4da20513052fdc602) Importer(815301076,1909f56bfc062723c751e8b465ee728b)
Start importing Assets/SampleScenes/Models/Brick.fbx using Guid(9ced0c52dc1504d4da20513052fdc602) Importer(815301076,1909f56bfc062723c751e8b465ee728b)  -> (artifact id: '10b2c23ff5a4492e1b6abb7ad7cafb4d') in 0.017606 seconds 
  Import took 0.019833 seconds .

========================================================================
Received Import Request.
  Time since last request: 0.000156 seconds.
  path: Assets/SampleScenes/Models/GoalPosts.fbx
  artifactKey: Guid(dbd33ca8053b5cb4790c6766343d4fb9) Importer(815301076,1909f56bfc062723c751e8b465ee728b)
Start importing Assets/SampleScenes/Models/GoalPosts.fbx using Guid(dbd33ca8053b5cb4790c6766343d4fb9) Importer(815301076,1909f56bfc062723c751e8b465ee728b)  -> (artifact id: 'a10690ffd2e176f21e4b711343648303') in 0.032003 seconds 
  Import took 0.034408 seconds .

========================================================================
Received Import Request.
  Time since last request: 0.000204 seconds.
  path: Assets/Standard Assets/Environment/Water (Basic)/Models/WaterBasicPlane.fbx
  artifactKey: Guid(ce8d79c79d11b8f9d00076e98d76c639) Importer(815301076,1909f56bfc062723c751e8b465ee728b)
Start importing Assets/Standard Assets/Environment/Water (Basic)/Models/WaterBasicPlane.fbx using Guid(ce8d79c79d11b8f9d00076e98d76c639) Importer(815301076,1909f56bfc062723c751e8b465ee728b)  -> (artifact id: '23d727a7041fd2d1b97e09648dc95088') in 0.027644 seconds 
  Import took 0.029924 seconds .

========================================================================
Received Import Request.
  Time since last request: 0.000142 seconds.
  path: Assets/Standard Assets/Prototyping/Models/PlatformPrototype02x01x02.fbx
  artifactKey: Guid(38a9d3cc5c1e0aa4f92ff3445b73ed7f) Importer(815301076,1909f56bfc062723c751e8b465ee728b)
Start importing Assets/Standard Assets/Prototyping/Models/PlatformPrototype02x01x02.fbx using Guid(38a9d3cc5c1e0aa4f92ff3445b73ed7f) Importer(815301076,1909f56bfc062723c751e8b465ee728b)  -> (artifact id: '6fceb0ed9fce4931fb253ab252dc1941') in 0.033103 seconds 
  Import took 0.035713 seconds .

========================================================================
Received Import Request.
  Time since last request: 0.000171 seconds.
  path: Assets/Standard Assets/Prototyping/Models/WallPrototype08x08x01.fbx
  artifactKey: Guid(b5290684820a94548bedb95083785116) Importer(815301076,1909f56bfc062723c751e8b465ee728b)
Start importing Assets/Standard Assets/Prototyping/Models/WallPrototype08x08x01.fbx using Guid(b5290684820a94548bedb95083785116) Importer(815301076,1909f56bfc062723c751e8b465ee728b)  -> (artifact id: 'f3838bbfcc035ca0e62806a8d398eb21') in 0.044252 seconds 
  Import took 0.047097 seconds .

========================================================================
Received Import Request.
  Time since last request: 0.000198 seconds.
  path: Assets/Standard Assets/Environment/SpeedTree/Palm/Palm_Desktop.spm
  artifactKey: Guid(d027af1092f6b434090f040565e7e656) Importer(815301076,1909f56bfc062723c751e8b465ee728b)
Start importing Assets/Standard Assets/Environment/SpeedTree/Palm/Palm_Desktop.spm using Guid(d027af1092f6b434090f040565e7e656) Importer(815301076,1909f56bfc062723c751e8b465ee728b)  -> (artifact id: '2f2d98b2a8224ed6cdcff3a0f1305d47') in 0.057546 seconds 
  Import took 0.061035 seconds .

========================================================================
Received Import Request.
  Time since last request: 0.000139 seconds.
  path: Assets/Standard Assets/Prototyping/Models/HousePrototype16x16x24.fbx
  artifactKey: Guid(ce7348d724aa0fc44aaf53391b9bae9b) Importer(815301076,1909f56bfc062723c751e8b465ee728b)
Start importing Assets/Standard Assets/Prototyping/Models/HousePrototype16x16x24.fbx using Guid(ce7348d724aa0fc44aaf53391b9bae9b) Importer(815301076,1909f56bfc062723c751e8b465ee728b)  -> (artifact id: '006b1fc69700e12e6a6d060e7ff3f922') in 0.017446 seconds 
  Import took 0.019794 seconds .

========================================================================
Received Import Request.
  Time since last request: 0.000150 seconds.
  path: Assets/SampleScenes/Models/Platforms.fbx
  artifactKey: Guid(c35d6bf90f6954140bdbb6cd51b608ac) Importer(815301076,1909f56bfc062723c751e8b465ee728b)
Start importing Assets/SampleScenes/Models/Platforms.fbx using Guid(c35d6bf90f6954140bdbb6cd51b608ac) Importer(815301076,1909f56bfc062723c751e8b465ee728b)  -> (artifact id: 'ece4a5c6c135fe6f7dde72513eb950e6') in 0.019011 seconds 
  Import took 0.021465 seconds .

========================================================================
Received Import Request.
  Time since last request: 0.000164 seconds.
  path: Assets/Standard Assets/Characters/RollerBall/Models/RollerBall.fbx
  artifactKey: Guid(d05d496cb4f43c14e80630addd23652e) Importer(815301076,1909f56bfc062723c751e8b465ee728b)
Start importing Assets/Standard Assets/Characters/RollerBall/Models/RollerBall.fbx using Guid(d05d496cb4f43c14e80630addd23652e) Importer(815301076,1909f56bfc062723c751e8b465ee728b)  -> (artifact id: 'd77324cbef904bae668ac2edc4187100') in 0.020794 seconds 
  Import took 0.023013 seconds .

========================================================================
Received Import Request.
  Time since last request: 0.000127 seconds.
  path: Assets/Standard Assets/Prototyping/Models/PillarPrototype02x08x02.fbx
  artifactKey: Guid(66a13889798137c498eae4b3acdafe19) Importer(815301076,1909f56bfc062723c751e8b465ee728b)
Start importing Assets/Standard Assets/Prototyping/Models/PillarPrototype02x08x02.fbx using Guid(66a13889798137c498eae4b3acdafe19) Importer(815301076,1909f56bfc062723c751e8b465ee728b)  -> (artifact id: 'ec5f46bc7e2e54ecea03053f0b173a89') in 0.011808 seconds 
  Import took 0.014012 seconds .

========================================================================
Received Import Request.
  Time since last request: 0.000201 seconds.
  path: Assets/Standard Assets/Prototyping/Models/CubePrototype04x04x04.fbx
  artifactKey: Guid(3f79402ff4ca9c54d96a09d1a77540d5) Importer(815301076,1909f56bfc062723c751e8b465ee728b)
Start importing Assets/Standard Assets/Prototyping/Models/CubePrototype04x04x04.fbx using Guid(3f79402ff4ca9c54d96a09d1a77540d5) Importer(815301076,1909f56bfc062723c751e8b465ee728b)  -> (artifact id: '75e54064012d17be1bdaa361ea8a18bb') in 0.012733 seconds 
  Import took 0.015067 seconds .

========================================================================
Received Import Request.
  Time since last request: 0.000190 seconds.
  path: Assets/Standard Assets/Characters/ThirdPersonCharacter/Models/Ethan.fbx
  artifactKey: Guid(b235179bd2a63d1468dd430670338c55) Importer(815301076,1909f56bfc062723c751e8b465ee728b)
Start importing Assets/Standard Assets/Characters/ThirdPersonCharacter/Models/Ethan.fbx using Guid(b235179bd2a63d1468dd430670338c55) Importer(815301076,1909f56bfc062723c751e8b465ee728b)  -> (artifact id: '5e933798cddeb4ea2a17df2073d12cef') in 0.083663 seconds 
  Import took 0.087775 seconds .

========================================================================
Received Import Request.
  Time since last request: 0.000186 seconds.
  path: Assets/Standard Assets/Environment/SpeedTree/Broadleaf/Broadleaf_Mobile.spm
  artifactKey: Guid(6aab193b7693b5e4c9741f1917d2987c) Importer(815301076,1909f56bfc062723c751e8b465ee728b)
Start importing Assets/Standard Assets/Environment/SpeedTree/Broadleaf/Broadleaf_Mobile.spm using Guid(6aab193b7693b5e4c9741f1917d2987c) Importer(815301076,1909f56bfc062723c751e8b465ee728b)  -> (artifact id: '53d476d2a5226c49064f269966b31be9') in 0.061803 seconds 
  Import took 0.064336 seconds .

========================================================================
Received Import Request.
  Time since last request: 0.000200 seconds.
  path: Assets/Standard Assets/Environment/Water/Water4/Models/OceanPlane.FBX
  artifactKey: Guid(681e41ee1260343b395ca58745c94870) Importer(815301076,1909f56bfc062723c751e8b465ee728b)
Start importing Assets/Standard Assets/Environment/Water/Water4/Models/OceanPlane.FBX using Guid(681e41ee1260343b395ca58745c94870) Importer(815301076,1909f56bfc062723c751e8b465ee728b)  -> (artifact id: '0ff512694f39cdee87245359415c39ee') in 0.019312 seconds 
  Import took 0.022337 seconds .

========================================================================
Received Import Request.
  Time since last request: 0.000154 seconds.
  path: Assets/SampleScenes/Models/RampElevated.fbx
  artifactKey: Guid(18dd8d7cbc4bc6a49ba9d26e2994c5bf) Importer(815301076,1909f56bfc062723c751e8b465ee728b)
Start importing Assets/SampleScenes/Models/RampElevated.fbx using Guid(18dd8d7cbc4bc6a49ba9d26e2994c5bf) Importer(815301076,1909f56bfc062723c751e8b465ee728b)  -> (artifact id: 'ea6fe1f6128196742652afb518ab3045') in 0.017987 seconds 
  Import took 0.020300 seconds .

========================================================================
Received Import Request.
  Time since last request: 0.000125 seconds.
  path: Assets/Standard Assets/Prototyping/Models/JoinMidPrototype04x06x01.fbx
  artifactKey: Guid(40384240c1c82b94db82531689571ab0) Importer(815301076,1909f56bfc062723c751e8b465ee728b)
Start importing Assets/Standard Assets/Prototyping/Models/JoinMidPrototype04x06x01.fbx using Guid(40384240c1c82b94db82531689571ab0) Importer(815301076,1909f56bfc062723c751e8b465ee728b)  -> (artifact id: '1a795f4d641fdb562cf964ae4e977f14') in 0.016703 seconds 
  Import took 0.019243 seconds .

========================================================================
Received Import Request.
  Time since last request: 0.000207 seconds.
  path: Assets/Standard Assets/Prototyping/Models/StepsPrototype04x02x02.fbx
  artifactKey: Guid(900e53dd850c9cc4281be6fa21bdfea5) Importer(815301076,1909f56bfc062723c751e8b465ee728b)
Start importing Assets/Standard Assets/Prototyping/Models/StepsPrototype04x02x02.fbx using Guid(900e53dd850c9cc4281be6fa21bdfea5) Importer(815301076,1909f56bfc062723c751e8b465ee728b)  -> (artifact id: '0475bf0d4b4be6cee695d1d2eac7e33d') in 0.018430 seconds 
  Import took 0.020743 seconds .

========================================================================
Received Import Request.
  Time since last request: 0.000138 seconds.
  path: Assets/SampleScenes/Models/GroundTrack.fbx
  artifactKey: Guid(2afa5a1773ca1f84f98c062866a8be55) Importer(815301076,1909f56bfc062723c751e8b465ee728b)
Start importing Assets/SampleScenes/Models/GroundTrack.fbx using Guid(2afa5a1773ca1f84f98c062866a8be55) Importer(815301076,1909f56bfc062723c751e8b465ee728b)  -> (artifact id: 'c3c0839713d227ff8fa339c2229307cc') in 0.037155 seconds 
  Import took 0.039605 seconds .

========================================================================
Received Import Request.
  Time since last request: 0.000153 seconds.
  path: Assets/Standard Assets/Prototyping/Models/JoinInnerPrototype01x06x01.fbx
  artifactKey: Guid(f45b6695d6226cd48abfc605723cc3ae) Importer(815301076,1909f56bfc062723c751e8b465ee728b)
Start importing Assets/Standard Assets/Prototyping/Models/JoinInnerPrototype01x06x01.fbx using Guid(f45b6695d6226cd48abfc605723cc3ae) Importer(815301076,1909f56bfc062723c751e8b465ee728b)  -> (artifact id: 'ab0090356c6c4af14e80d45a4edefcd0') in 0.019098 seconds 
  Import took 0.021441 seconds .

========================================================================
Received Import Request.
  Time since last request: 0.000144 seconds.
  path: Assets/Standard Assets/Prototyping/Models/CubePrototype02x02x02.fbx
  artifactKey: Guid(df4796b594b970842b69211cb0078c5d) Importer(815301076,1909f56bfc062723c751e8b465ee728b)
Start importing Assets/Standard Assets/Prototyping/Models/CubePrototype02x02x02.fbx using Guid(df4796b594b970842b69211cb0078c5d) Importer(815301076,1909f56bfc062723c751e8b465ee728b)  -> (artifact id: '714ea726f273e73f87466f3f347d8d2b') in 0.020937 seconds 
  Import took 0.023311 seconds .

========================================================================
Received Import Request.
  Time since last request: 0.000137 seconds.
  path: Assets/SampleScenes/Models/GroundRunway.FBX
  artifactKey: Guid(b02e63c7c24117e45acd64f6e5ede314) Importer(815301076,1909f56bfc062723c751e8b465ee728b)
Start importing Assets/SampleScenes/Models/GroundRunway.FBX using Guid(b02e63c7c24117e45acd64f6e5ede314) Importer(815301076,1909f56bfc062723c751e8b465ee728b)  -> (artifact id: '7321ca15cd646964fb960ef71366146d') in 0.037094 seconds 
  Import took 0.039397 seconds .

========================================================================
Received Import Request.
  Time since last request: 0.000139 seconds.
  path: Assets/SampleScenes/Models/Pickup.fbx
  artifactKey: Guid(959be6347b65b7a4c9baa6bc323541fd) Importer(815301076,1909f56bfc062723c751e8b465ee728b)
Start importing Assets/SampleScenes/Models/Pickup.fbx using Guid(959be6347b65b7a4c9baa6bc323541fd) Importer(815301076,1909f56bfc062723c751e8b465ee728b)  -> (artifact id: 'e91798c98fa44b321ee1f1e258881699') in 0.020324 seconds 
  Import took 0.022505 seconds .

========================================================================
Received Import Request.
  Time since last request: 0.000118 seconds.
  path: Assets/SampleScenes/Models/Ring.fbx
  artifactKey: Guid(ccb151eac4280a94c95575e12e56865a) Importer(815301076,1909f56bfc062723c751e8b465ee728b)
Start importing Assets/SampleScenes/Models/Ring.fbx using Guid(ccb151eac4280a94c95575e12e56865a) Importer(815301076,1909f56bfc062723c751e8b465ee728b)  -> (artifact id: 'aaf07b0b325f84219219a5139110ecb1') in 0.019961 seconds 
  Import took 0.022131 seconds .

========================================================================
Received Import Request.
  Time since last request: 0.000135 seconds.
  path: Assets/SampleScenes/Models/Cube.fbx
  artifactKey: Guid(ef6178546f77bc546af127fb4c56da0c) Importer(815301076,1909f56bfc062723c751e8b465ee728b)
Start importing Assets/SampleScenes/Models/Cube.fbx using Guid(ef6178546f77bc546af127fb4c56da0c) Importer(815301076,1909f56bfc062723c751e8b465ee728b)  -> (artifact id: 'e73ba54a86e0772eacc86da7992138fd') in 0.014262 seconds 
  Import took 0.016441 seconds .

========================================================================
Received Import Request.
  Time since last request: 0.000127 seconds.
  path: Assets/Standard Assets/Prototyping/Models/FloorPrototype08x01x08.fbx
  artifactKey: Guid(16fb769c0394c36469ed40a4f35c1eec) Importer(815301076,1909f56bfc062723c751e8b465ee728b)
Start importing Assets/Standard Assets/Prototyping/Models/FloorPrototype08x01x08.fbx using Guid(16fb769c0394c36469ed40a4f35c1eec) Importer(815301076,1909f56bfc062723c751e8b465ee728b)  -> (artifact id: 'b142ef7f5a46084f3d25d82766c198ae') in 0.022924 seconds 
  Import took 0.025601 seconds .

========================================================================
Received Import Request.
  Time since last request: 0.000150 seconds.
  path: Assets/SampleScenes/Models/Loop.fbx
  artifactKey: Guid(1d47ea6078c7f594e9aaf5f353bf61ba) Importer(815301076,1909f56bfc062723c751e8b465ee728b)
Start importing Assets/SampleScenes/Models/Loop.fbx using Guid(1d47ea6078c7f594e9aaf5f353bf61ba) Importer(815301076,1909f56bfc062723c751e8b465ee728b)  -> (artifact id: '8a6d55a1beff950bb8ec483f8fd49606') in 0.018610 seconds 
  Import took 0.020814 seconds .

========================================================================
Received Import Request.
  Time since last request: 0.000125 seconds.
  path: Assets/Standard Assets/Prototyping/Models/PickupPrototype01x01x01.fbx
  artifactKey: Guid(00718395eefb6084bb25555f962f25c0) Importer(815301076,1909f56bfc062723c751e8b465ee728b)
Start importing Assets/Standard Assets/Prototyping/Models/PickupPrototype01x01x01.fbx using Guid(00718395eefb6084bb25555f962f25c0) Importer(815301076,1909f56bfc062723c751e8b465ee728b)  -> (artifact id: '15d9d19805981f0415c11469fc03ffc6') in 0.019209 seconds 
  Import took 0.021460 seconds .

========================================================================
Received Import Request.
  Time since last request: 0.000136 seconds.
  path: Assets/SampleScenes/Models/MiniRamps.fbx
  artifactKey: Guid(b87e14348acae3449a86167ae5521ac4) Importer(815301076,1909f56bfc062723c751e8b465ee728b)
Start importing Assets/SampleScenes/Models/MiniRamps.fbx using Guid(b87e14348acae3449a86167ae5521ac4) Importer(815301076,1909f56bfc062723c751e8b465ee728b)  -> (artifact id: '1e2f8a9b30e553df1b94b9b6aa1cc198') in 0.021442 seconds 
  Import took 0.023758 seconds .

========================================================================
Received Import Request.
  Time since last request: 0.000128 seconds.
  path: Assets/SampleScenes/Models/Platform.fbx
  artifactKey: Guid(41807bb6e4134a34aaf92fbad2e07bbc) Importer(815301076,1909f56bfc062723c751e8b465ee728b)
Start importing Assets/SampleScenes/Models/Platform.fbx using Guid(41807bb6e4134a34aaf92fbad2e07bbc) Importer(815301076,1909f56bfc062723c751e8b465ee728b)  -> (artifact id: '651c4d5c9c665e9f105d581c44efa565') in 0.026967 seconds 
  Import took 0.029473 seconds .

========================================================================
Received Import Request.
  Time since last request: 0.000136 seconds.
  path: Assets/Standard Assets/Prototyping/Models/PillarPrototype01x02x01.fbx
  artifactKey: Guid(25712b9d3dd0eb4439390fb8fea8043e) Importer(815301076,1909f56bfc062723c751e8b465ee728b)
Start importing Assets/Standard Assets/Prototyping/Models/PillarPrototype01x02x01.fbx using Guid(25712b9d3dd0eb4439390fb8fea8043e) Importer(815301076,1909f56bfc062723c751e8b465ee728b)  -> (artifact id: '27f7c32f57f5cd32b24d490cc678e4d6') in 0.016044 seconds 
  Import took 0.018546 seconds .

========================================================================
Received Import Request.
  Time since last request: 0.000140 seconds.
  path: Assets/Standard Assets/Environment/Water/Water/Models/WaterPlane.fbx
  artifactKey: Guid(ba6a41dc489914734857bb5924eb70ad) Importer(815301076,1909f56bfc062723c751e8b465ee728b)
Start importing Assets/Standard Assets/Environment/Water/Water/Models/WaterPlane.fbx using Guid(ba6a41dc489914734857bb5924eb70ad) Importer(815301076,1909f56bfc062723c751e8b465ee728b)  -> (artifact id: '25a9c7cc7f2bcf66a38db83dbf5abcd5') in 0.019303 seconds 
  Import took 0.021700 seconds .

========================================================================
Received Import Request.
  Time since last request: 0.000189 seconds.
  path: Assets/SampleScenes/Models/Pillar.fbx
  artifactKey: Guid(2f1a6a1aa4c4ac74096a01849d901a17) Importer(815301076,1909f56bfc062723c751e8b465ee728b)
Start importing Assets/SampleScenes/Models/Pillar.fbx using Guid(2f1a6a1aa4c4ac74096a01849d901a17) Importer(815301076,1909f56bfc062723c751e8b465ee728b)  -> (artifact id: '942f04422c28f906b23bfe98e2f25ccd') in 0.021428 seconds 
  Import took 0.024611 seconds .

========================================================================
Received Import Request.
  Time since last request: 0.000150 seconds.
  path: Assets/SampleScenes/Models/GroundObstacles.FBX
  artifactKey: Guid(f57127cfcc32ab9419af130b6a9211fb) Importer(815301076,1909f56bfc062723c751e8b465ee728b)
Start importing Assets/SampleScenes/Models/GroundObstacles.FBX using Guid(f57127cfcc32ab9419af130b6a9211fb) Importer(815301076,1909f56bfc062723c751e8b465ee728b)  -> (artifact id: 'f2d20c0431547a52975be0729dcbf3ac') in 0.038695 seconds 
  Import took 0.041209 seconds .

========================================================================
Received Import Request.
  Time since last request: 0.000181 seconds.
  path: Assets/Standard Assets/Effects/TessellationShaders/Models/LowPolySphere.fbx
  artifactKey: Guid(103612e5e1ff43a4e896c567a2cb3ae1) Importer(815301076,1909f56bfc062723c751e8b465ee728b)
Start importing Assets/Standard Assets/Effects/TessellationShaders/Models/LowPolySphere.fbx using Guid(103612e5e1ff43a4e896c567a2cb3ae1) Importer(815301076,1909f56bfc062723c751e8b465ee728b)  -> (artifact id: 'b5a31f9f738ca2a08c37fe1a3a063659') in 0.018198 seconds 
  Import took 0.020678 seconds .

========================================================================
Received Import Request.
  Time since last request: 0.000128 seconds.
  path: Assets/Standard Assets/Prototyping/Models/FloorPrototype64x01x64.fbx
  artifactKey: Guid(fadddc63520db414bbc9126cbf4743ad) Importer(815301076,1909f56bfc062723c751e8b465ee728b)
Start importing Assets/Standard Assets/Prototyping/Models/FloorPrototype64x01x64.fbx using Guid(fadddc63520db414bbc9126cbf4743ad) Importer(815301076,1909f56bfc062723c751e8b465ee728b)  -> (artifact id: '87936f117c40bf6bfb1f3bde612829d2') in 0.012689 seconds 
  Import took 0.014840 seconds .

========================================================================
Received Import Request.
  Time since last request: 0.000209 seconds.
  path: Assets/Standard Assets/Prototyping/Models/PlatformPrototype04x01x04.fbx
  artifactKey: Guid(bc2ed85df3924a4458576f17e8b10057) Importer(815301076,1909f56bfc062723c751e8b465ee728b)
Start importing Assets/Standard Assets/Prototyping/Models/PlatformPrototype04x01x04.fbx using Guid(bc2ed85df3924a4458576f17e8b10057) Importer(815301076,1909f56bfc062723c751e8b465ee728b)  -> (artifact id: '0a916e6a2972e68aeb654d5507754cfc') in 0.013837 seconds 
  Import took 0.016143 seconds .

========================================================================
Received Import Request.
  Time since last request: 0.000150 seconds.
  path: Assets/Standard Assets/Prototyping/Models/CubePrototype08x08x08.fbx
  artifactKey: Guid(c09052c9b19f0ea4987bc4f4f981252f) Importer(815301076,1909f56bfc062723c751e8b465ee728b)
Start importing Assets/Standard Assets/Prototyping/Models/CubePrototype08x08x08.fbx using Guid(c09052c9b19f0ea4987bc4f4f981252f) Importer(815301076,1909f56bfc062723c751e8b465ee728b)  -> (artifact id: '9de6cb995c5f4260257b3d1acd0dd6ad') in 0.012945 seconds 
  Import took 0.015225 seconds .

========================================================================
Received Import Request.
  Time since last request: 0.000214 seconds.
  path: Assets/Standard Assets/Prototyping/Models/FloorPrototype04x01x04.fbx
  artifactKey: Guid(080bc076ed19adb4091adca05de83d66) Importer(815301076,1909f56bfc062723c751e8b465ee728b)
Start importing Assets/Standard Assets/Prototyping/Models/FloorPrototype04x01x04.fbx using Guid(080bc076ed19adb4091adca05de83d66) Importer(815301076,1909f56bfc062723c751e8b465ee728b)  -> (artifact id: '4a2e9a296d1b9b709f0bdece550f89aa') in 0.014138 seconds 
  Import took 0.016506 seconds .

========================================================================
Received Import Request.
  Time since last request: 0.000135 seconds.
  path: Assets/Standard Assets/Prototyping/Models/RampPrototype04x02x02.fbx
  artifactKey: Guid(b9d7ac1a0f551404f8d32e1e02b64325) Importer(815301076,1909f56bfc062723c751e8b465ee728b)
Start importing Assets/Standard Assets/Prototyping/Models/RampPrototype04x02x02.fbx using Guid(b9d7ac1a0f551404f8d32e1e02b64325) Importer(815301076,1909f56bfc062723c751e8b465ee728b)  -> (artifact id: '11b7448f4485b80351f70bad78bc6dc9') in 0.013015 seconds 
  Import took 0.015365 seconds .

========================================================================
Received Import Request.
  Time since last request: 0.000148 seconds.
  path: Assets/Standard Assets/Prototyping/Models/JoinOuterPrototype02x06x02.fbx
  artifactKey: Guid(6386a10e23c45d040a22051e6ae3b70f) Importer(815301076,1909f56bfc062723c751e8b465ee728b)
Start importing Assets/Standard Assets/Prototyping/Models/JoinOuterPrototype02x06x02.fbx using Guid(6386a10e23c45d040a22051e6ae3b70f) Importer(815301076,1909f56bfc062723c751e8b465ee728b)  -> (artifact id: '56d27723be117b5cd2b4718b9e271688') in 0.012027 seconds 
  Import took 0.014407 seconds .

========================================================================
Received Import Request.
  Time since last request: 0.000129 seconds.
  path: Assets/Standard Assets/Environment/SpeedTree/Conifer/Conifer_Desktop.spm
  artifactKey: Guid(469edab27ab6d004d84af2c4a851bd7f) Importer(815301076,1909f56bfc062723c751e8b465ee728b)
Start importing Assets/Standard Assets/Environment/SpeedTree/Conifer/Conifer_Desktop.spm using Guid(469edab27ab6d004d84af2c4a851bd7f) Importer(815301076,1909f56bfc062723c751e8b465ee728b)  -> (artifact id: '974bf7db2ac3b23c3cb00770ffc05eb7') in 0.054456 seconds 
  Import took 0.056889 seconds .

========================================================================
Received Prepare
Registering precompiled user dll's ...
Registered in 0.001767 seconds.
Begin MonoManager ReloadAssembly
Native extension for WindowsStandalone target not found
Native extension for WebGL target not found
Refreshing native plugins compatible for Editor in 0.39 ms, found 2 plugins.
Preloading 0 native plugins for Editor in 0.00 ms.
Mono: successfully reloaded assembly
- Completed reload, in  0.776 seconds
Domain Reload Profiling:
	ReloadAssembly (776ms)
		BeginReloadAssembly (95ms)
			ExecutionOrderSort (0ms)
			DisableScriptedObjects (3ms)
			BackupInstance (0ms)
			ReleaseScriptingObjects (0ms)
			CreateAndSetChildDomain (31ms)
		EndReloadAssembly (631ms)
			LoadAssemblies (68ms)
			RebuildTransferFunctionScriptingTraits (0ms)
			SetupTypeCache (230ms)
			ReleaseScriptCaches (1ms)
			RebuildScriptCaches (30ms)
			SetupLoadedEditorAssemblies (222ms)
				LogAssemblyErrors (0ms)
				InitializePlatformSupportModulesInManaged (5ms)
				SetLoadedEditorAssemblies (0ms)
				RefreshPlugins (0ms)
				BeforeProcessingInitializeOnLoad (56ms)
				ProcessInitializeOnLoadAttributes (151ms)
				ProcessInitializeOnLoadMethodAttributes (3ms)
				AfterProcessingInitializeOnLoad (6ms)
				EditorAssembliesLoaded (0ms)
			ExecutionOrderSort2 (0ms)
			AwakeInstancesAfterBackupRestoration (6ms)
Platform modules already initialized, skipping
Refreshing native plugins compatible for Editor in 0.40 ms, found 2 plugins.
Preloading 0 native plugins for Editor in 0.00 ms.
Unloading 1505 Unused Serialized files (Serialized files now loaded: 0)
System memory in use before: 170.6 MB.
System memory in use after: 170.4 MB.

Unloading 13 unused Assets to reduce memory usage. Loaded Objects now: 2024.
Total: 2.376600 ms (FindLiveObjects: 0.144200 ms CreateObjectMapping: 0.043800 ms MarkObjects: 1.960400 ms  DeleteObjects: 0.227100 ms)

AssetImportParameters requested are different than current active one (requested -> active):
  custom:framework-win-MediaFoundation: 216162199b28c13a410421893ffa2e32 -> 
  custom:video-decoder-ogg-theora: a1e56fd34408186e4bbccfd4996cb3dc -> 
  custom:container-muxer-webm: aa71ff27fc2769a1b78a27578f13a17b -> 
  custom:container-demuxer-webm: 4f35f7cbe854078d1ac9338744f61a02 -> 
  custom:container-demuxer-ogg: 62fdf1f143b41e24485cea50d1cbac27 -> 
  custom:video-encoder-webm-vp8: eb34c28f22e8b96e1ab97ce403110664 -> 
  custom:video-decoder-webm-vp8: 9c59270c3fd7afecdb556c50c9e8de78 -> 
  custom:audio-decoder-ogg-vorbis: bf7c407c2cedff20999df2af8eb42d56 -> 
  custom:audio-encoder-webm-vorbis: bf7c407c2cedff20999df2af8eb42d56 -> 
AssetImportWorkerClient::OnTransportError - code=2 error=End of file
